This file contains any messages produced by compilers while
running configure, to aid debugging if configure makes a mistake.

It was created by openvswitch configure 1.4.0, which was
generated by GNU Autoconf 2.68.  Invocation command line was

  $ ./configure --with-linux=/lib/modules/3.2.0-55-generic-pae/build

## --------- ##
## Platform. ##
## --------- ##

hostname = skynet
uname -m = i686
uname -r = 3.2.0-55-generic-pae
uname -s = Linux
uname -v = #85-Ubuntu SMP Wed Oct 2 14:03:15 UTC 2013

/usr/bin/uname -p = unknown
/bin/uname -X     = unknown

/bin/arch              = unknown
/usr/bin/arch -k       = unknown
/usr/convex/getsysinfo = unknown
/usr/bin/hostinfo      = unknown
/bin/machine           = unknown
/usr/bin/oslevel       = unknown
/bin/universe          = unknown

PATH: /sbin
PATH: /usr/sbin
PATH: /usr/bin
PATH: /bin
PATH: /usr/local/sbin
PATH: /usr/local/bin


## ----------- ##
## Core tests. ##
## ----------- ##

configure:2276: checking build number
configure:2292: result: none
configure:2356: checking for a BSD-compatible install
configure:2424: result: /usr/bin/install -c
configure:2435: checking whether build environment is sane
configure:2485: result: yes
configure:2626: checking for a thread-safe mkdir -p
configure:2665: result: /bin/mkdir -p
configure:2678: checking for gawk
configure:2694: found /usr/bin/gawk
configure:2705: result: gawk
configure:2716: checking whether make sets $(MAKE)
configure:2738: result: yes
configure:2867: checking for gcc
configure:2883: found /usr/bin/gcc
configure:2894: result: gcc
configure:3123: checking for C compiler version
configure:3132: gcc --version >&5
gcc (Ubuntu/Linaro 4.6.3-1ubuntu5) 4.6.3
Copyright (C) 2011 Free Software Foundation, Inc.
This is free software; see the source for copying conditions.  There is NO
warranty; not even for MERCHANTABILITY or FITNESS FOR A PARTICULAR PURPOSE.

configure:3143: $? = 0
configure:3132: gcc -v >&5
Using built-in specs.
COLLECT_GCC=gcc
COLLECT_LTO_WRAPPER=/usr/lib/gcc/i686-linux-gnu/4.6/lto-wrapper
Target: i686-linux-gnu
Configured with: ../src/configure -v --with-pkgversion='Ubuntu/Linaro 4.6.3-1ubuntu5' --with-bugurl=file:///usr/share/doc/gcc-4.6/README.Bugs --enable-languages=c,c++,fortran,objc,obj-c++ --prefix=/usr --program-suffix=-4.6 --enable-shared --enable-linker-build-id --with-system-zlib --libexecdir=/usr/lib --without-included-gettext --enable-threads=posix --with-gxx-include-dir=/usr/include/c++/4.6 --libdir=/usr/lib --enable-nls --with-sysroot=/ --enable-clocale=gnu --enable-libstdcxx-debug --enable-libstdcxx-time=yes --enable-gnu-unique-object --enable-plugin --enable-objc-gc --enable-targets=all --disable-werror --with-arch-32=i686 --with-tune=generic --enable-checking=release --build=i686-linux-gnu --host=i686-linux-gnu --target=i686-linux-gnu
Thread model: posix
gcc version 4.6.3 (Ubuntu/Linaro 4.6.3-1ubuntu5) 
configure:3143: $? = 0
configure:3132: gcc -V >&5
gcc: error: unrecognized option '-V'
gcc: fatal error: no input files
compilation terminated.
configure:3143: $? = 4
configure:3132: gcc -qversion >&5
gcc: error: unrecognized option '-qversion'
gcc: fatal error: no input files
compilation terminated.
configure:3143: $? = 4
configure:3163: checking whether the C compiler works
configure:3185: gcc    conftest.c  >&5
configure:3189: $? = 0
configure:3237: result: yes
configure:3240: checking for C compiler default output file name
configure:3242: result: a.out
configure:3248: checking for suffix of executables
configure:3255: gcc -o conftest    conftest.c  >&5
configure:3259: $? = 0
configure:3281: result: 
configure:3303: checking whether we are cross compiling
configure:3311: gcc -o conftest    conftest.c  >&5
configure:3315: $? = 0
configure:3322: ./conftest
configure:3326: $? = 0
configure:3341: result: no
configure:3346: checking for suffix of object files
configure:3368: gcc -c   conftest.c >&5
configure:3372: $? = 0
configure:3393: result: o
configure:3397: checking whether we are using the GNU C compiler
configure:3416: gcc -c   conftest.c >&5
configure:3416: $? = 0
configure:3425: result: yes
configure:3434: checking whether gcc accepts -g
configure:3454: gcc -c -g  conftest.c >&5
configure:3454: $? = 0
configure:3495: result: yes
configure:3512: checking for gcc option to accept ISO C89
configure:3576: gcc  -c -g -O2  conftest.c >&5
configure:3576: $? = 0
configure:3589: result: none needed
configure:3620: checking for style of include used by make
configure:3648: result: GNU
configure:3674: checking dependency style of gcc
configure:3785: result: gcc3
configure:3801: checking whether gcc and cc understand -c and -o together
configure:3832: gcc -c conftest.c -o conftest2.o >&5
configure:3836: $? = 0
configure:3842: gcc -c conftest.c -o conftest2.o >&5
configure:3846: $? = 0
configure:3857: cc -c conftest.c >&5
configure:3861: $? = 0
configure:3869: cc -c conftest.c -o conftest2.o >&5
configure:3873: $? = 0
configure:3879: cc -c conftest.c -o conftest2.o >&5
configure:3883: $? = 0
configure:3901: result: yes
configure:3931: checking how to run the C preprocessor
configure:3962: gcc -E  conftest.c
configure:3962: $? = 0
configure:3976: gcc -E  conftest.c
conftest.c:12:28: fatal error: ac_nonexistent.h: No such file or directory
compilation terminated.
configure:3976: $? = 1
configure: failed program was:
| /* confdefs.h */
| #define PACKAGE_NAME "openvswitch"
| #define PACKAGE_TARNAME "openvswitch"
| #define PACKAGE_VERSION "1.4.0"
| #define PACKAGE_STRING "openvswitch 1.4.0"
| #define PACKAGE_BUGREPORT "ovs-bugs@openvswitch.org"
| #define PACKAGE_URL ""
| #define BUILDNR ""
| #define PACKAGE "openvswitch"
| #define VERSION "1.4.0"
| /* end confdefs.h.  */
| #include <ac_nonexistent.h>
configure:4001: result: gcc -E
configure:4021: gcc -E  conftest.c
configure:4021: $? = 0
configure:4035: gcc -E  conftest.c
conftest.c:12:28: fatal error: ac_nonexistent.h: No such file or directory
compilation terminated.
configure:4035: $? = 1
configure: failed program was:
| /* confdefs.h */
| #define PACKAGE_NAME "openvswitch"
| #define PACKAGE_TARNAME "openvswitch"
| #define PACKAGE_VERSION "1.4.0"
| #define PACKAGE_STRING "openvswitch 1.4.0"
| #define PACKAGE_BUGREPORT "ovs-bugs@openvswitch.org"
| #define PACKAGE_URL ""
| #define BUILDNR ""
| #define PACKAGE "openvswitch"
| #define VERSION "1.4.0"
| /* end confdefs.h.  */
| #include <ac_nonexistent.h>
configure:4106: checking for ranlib
configure:4122: found /usr/bin/ranlib
configure:4133: result: ranlib
configure:4156: checking for grep that handles long lines and -e
configure:4214: result: /bin/grep
configure:4219: checking for fgrep
configure:4281: result: /bin/grep -F
configure:4290: checking for perl
configure:4308: found /usr/bin/perl
configure:4321: result: /usr/bin/perl
configure:4335: checking for egrep
configure:4397: result: /bin/grep -E
configure:4402: checking for ANSI C header files
configure:4422: gcc -c -g -O2  conftest.c >&5
configure:4422: $? = 0
configure:4495: gcc -o conftest -g -O2   conftest.c  >&5
configure:4495: $? = 0
configure:4495: ./conftest
configure:4495: $? = 0
configure:4506: result: yes
configure:4519: checking for sys/types.h
configure:4519: gcc -c -g -O2  conftest.c >&5
configure:4519: $? = 0
configure:4519: result: yes
configure:4519: checking for sys/stat.h
configure:4519: gcc -c -g -O2  conftest.c >&5
configure:4519: $? = 0
configure:4519: result: yes
configure:4519: checking for stdlib.h
configure:4519: gcc -c -g -O2  conftest.c >&5
configure:4519: $? = 0
configure:4519: result: yes
configure:4519: checking for string.h
configure:4519: gcc -c -g -O2  conftest.c >&5
configure:4519: $? = 0
configure:4519: result: yes
configure:4519: checking for memory.h
configure:4519: gcc -c -g -O2  conftest.c >&5
configure:4519: $? = 0
configure:4519: result: yes
configure:4519: checking for strings.h
configure:4519: gcc -c -g -O2  conftest.c >&5
configure:4519: $? = 0
configure:4519: result: yes
configure:4519: checking for inttypes.h
configure:4519: gcc -c -g -O2  conftest.c >&5
configure:4519: $? = 0
configure:4519: result: yes
configure:4519: checking for stdint.h
configure:4519: gcc -c -g -O2  conftest.c >&5
configure:4519: $? = 0
configure:4519: result: yes
configure:4519: checking for unistd.h
configure:4519: gcc -c -g -O2  conftest.c >&5
configure:4519: $? = 0
configure:4519: result: yes
configure:4532: checking minix/config.h usability
configure:4532: gcc -c -g -O2  conftest.c >&5
conftest.c:55:26: fatal error: minix/config.h: No such file or directory
compilation terminated.
configure:4532: $? = 1
configure: failed program was:
| /* confdefs.h */
| #define PACKAGE_NAME "openvswitch"
| #define PACKAGE_TARNAME "openvswitch"
| #define PACKAGE_VERSION "1.4.0"
| #define PACKAGE_STRING "openvswitch 1.4.0"
| #define PACKAGE_BUGREPORT "ovs-bugs@openvswitch.org"
| #define PACKAGE_URL ""
| #define BUILDNR ""
| #define PACKAGE "openvswitch"
| #define VERSION "1.4.0"
| #define STDC_HEADERS 1
| #define HAVE_SYS_TYPES_H 1
| #define HAVE_SYS_STAT_H 1
| #define HAVE_STDLIB_H 1
| #define HAVE_STRING_H 1
| #define HAVE_MEMORY_H 1
| #define HAVE_STRINGS_H 1
| #define HAVE_INTTYPES_H 1
| #define HAVE_STDINT_H 1
| #define HAVE_UNISTD_H 1
| /* end confdefs.h.  */
| #include <stdio.h>
| #ifdef HAVE_SYS_TYPES_H
| # include <sys/types.h>
| #endif
| #ifdef HAVE_SYS_STAT_H
| # include <sys/stat.h>
| #endif
| #ifdef STDC_HEADERS
| # include <stdlib.h>
| # include <stddef.h>
| #else
| # ifdef HAVE_STDLIB_H
| #  include <stdlib.h>
| # endif
| #endif
| #ifdef HAVE_STRING_H
| # if !defined STDC_HEADERS && defined HAVE_MEMORY_H
| #  include <memory.h>
| # endif
| # include <string.h>
| #endif
| #ifdef HAVE_STRINGS_H
| # include <strings.h>
| #endif
| #ifdef HAVE_INTTYPES_H
| # include <inttypes.h>
| #endif
| #ifdef HAVE_STDINT_H
| # include <stdint.h>
| #endif
| #ifdef HAVE_UNISTD_H
| # include <unistd.h>
| #endif
| #include <minix/config.h>
configure:4532: result: no
configure:4532: checking minix/config.h presence
configure:4532: gcc -E  conftest.c
conftest.c:22:26: fatal error: minix/config.h: No such file or directory
compilation terminated.
configure:4532: $? = 1
configure: failed program was:
| /* confdefs.h */
| #define PACKAGE_NAME "openvswitch"
| #define PACKAGE_TARNAME "openvswitch"
| #define PACKAGE_VERSION "1.4.0"
| #define PACKAGE_STRING "openvswitch 1.4.0"
| #define PACKAGE_BUGREPORT "ovs-bugs@openvswitch.org"
| #define PACKAGE_URL ""
| #define BUILDNR ""
| #define PACKAGE "openvswitch"
| #define VERSION "1.4.0"
| #define STDC_HEADERS 1
| #define HAVE_SYS_TYPES_H 1
| #define HAVE_SYS_STAT_H 1
| #define HAVE_STDLIB_H 1
| #define HAVE_STRING_H 1
| #define HAVE_MEMORY_H 1
| #define HAVE_STRINGS_H 1
| #define HAVE_INTTYPES_H 1
| #define HAVE_STDINT_H 1
| #define HAVE_UNISTD_H 1
| /* end confdefs.h.  */
| #include <minix/config.h>
configure:4532: result: no
configure:4532: checking for minix/config.h
configure:4532: result: no
configure:4553: checking whether it is safe to define __EXTENSIONS__
configure:4571: gcc -c -g -O2  conftest.c >&5
configure:4571: $? = 0
configure:4578: result: yes
configure:4592: checking whether byte ordering is bigendian
configure:4607: gcc -c -g -O2  conftest.c >&5
conftest.c:28:9: error: unknown type name 'not'
conftest.c:28:15: error: expected '=', ',', ';', 'asm' or '__attribute__' before 'universal'
conftest.c:28:15: error: unknown type name 'universal'
configure:4607: $? = 1
configure: failed program was:
| /* confdefs.h */
| #define PACKAGE_NAME "openvswitch"
| #define PACKAGE_TARNAME "openvswitch"
| #define PACKAGE_VERSION "1.4.0"
| #define PACKAGE_STRING "openvswitch 1.4.0"
| #define PACKAGE_BUGREPORT "ovs-bugs@openvswitch.org"
| #define PACKAGE_URL ""
| #define BUILDNR ""
| #define PACKAGE "openvswitch"
| #define VERSION "1.4.0"
| #define STDC_HEADERS 1
| #define HAVE_SYS_TYPES_H 1
| #define HAVE_SYS_STAT_H 1
| #define HAVE_STDLIB_H 1
| #define HAVE_STRING_H 1
| #define HAVE_MEMORY_H 1
| #define HAVE_STRINGS_H 1
| #define HAVE_INTTYPES_H 1
| #define HAVE_STDINT_H 1
| #define HAVE_UNISTD_H 1
| #define __EXTENSIONS__ 1
| #define _ALL_SOURCE 1
| #define _GNU_SOURCE 1
| #define _POSIX_PTHREAD_SEMANTICS 1
| #define _TANDEM_SOURCE 1
| /* end confdefs.h.  */
| #ifndef __APPLE_CC__
| 	       not a universal capable compiler
| 	     #endif
| 	     typedef int dummy;
| 
configure:4652: gcc -c -g -O2  conftest.c >&5
configure:4652: $? = 0
configure:4670: gcc -c -g -O2  conftest.c >&5
conftest.c: In function 'main':
conftest.c:34:4: error: unknown type name 'not'
conftest.c:34:12: error: expected '=', ',', ';', 'asm' or '__attribute__' before 'endian'
configure:4670: $? = 1
configure: failed program was:
| /* confdefs.h */
| #define PACKAGE_NAME "openvswitch"
| #define PACKAGE_TARNAME "openvswitch"
| #define PACKAGE_VERSION "1.4.0"
| #define PACKAGE_STRING "openvswitch 1.4.0"
| #define PACKAGE_BUGREPORT "ovs-bugs@openvswitch.org"
| #define PACKAGE_URL ""
| #define BUILDNR ""
| #define PACKAGE "openvswitch"
| #define VERSION "1.4.0"
| #define STDC_HEADERS 1
| #define HAVE_SYS_TYPES_H 1
| #define HAVE_SYS_STAT_H 1
| #define HAVE_STDLIB_H 1
| #define HAVE_STRING_H 1
| #define HAVE_MEMORY_H 1
| #define HAVE_STRINGS_H 1
| #define HAVE_INTTYPES_H 1
| #define HAVE_STDINT_H 1
| #define HAVE_UNISTD_H 1
| #define __EXTENSIONS__ 1
| #define _ALL_SOURCE 1
| #define _GNU_SOURCE 1
| #define _POSIX_PTHREAD_SEMANTICS 1
| #define _TANDEM_SOURCE 1
| /* end confdefs.h.  */
| #include <sys/types.h>
| 		#include <sys/param.h>
| 
| int
| main ()
| {
| #if BYTE_ORDER != BIG_ENDIAN
| 		 not big endian
| 		#endif
| 
|   ;
|   return 0;
| }
configure:4798: result: no
configure:4823: checking for special C compiler options needed for large files
configure:4868: result: no
configure:4874: checking for _FILE_OFFSET_BITS value needed for large files
configure:4899: gcc -c -g -O2  conftest.c >&5
conftest.c:33:3: warning: left shift count >= width of type [enabled by default]
conftest.c:33:3: warning: left shift count >= width of type [enabled by default]
conftest.c:34:10: warning: left shift count >= width of type [enabled by default]
conftest.c:34:10: warning: left shift count >= width of type [enabled by default]
conftest.c:33:7: error: size of array 'off_t_is_large' is negative
conftest.c:35:9: warning: variably modified 'off_t_is_large' at file scope [enabled by default]
configure:4899: $? = 1
configure: failed program was:
| /* confdefs.h */
| #define PACKAGE_NAME "openvswitch"
| #define PACKAGE_TARNAME "openvswitch"
| #define PACKAGE_VERSION "1.4.0"
| #define PACKAGE_STRING "openvswitch 1.4.0"
| #define PACKAGE_BUGREPORT "ovs-bugs@openvswitch.org"
| #define PACKAGE_URL ""
| #define BUILDNR ""
| #define PACKAGE "openvswitch"
| #define VERSION "1.4.0"
| #define STDC_HEADERS 1
| #define HAVE_SYS_TYPES_H 1
| #define HAVE_SYS_STAT_H 1
| #define HAVE_STDLIB_H 1
| #define HAVE_STRING_H 1
| #define HAVE_MEMORY_H 1
| #define HAVE_STRINGS_H 1
| #define HAVE_INTTYPES_H 1
| #define HAVE_STDINT_H 1
| #define HAVE_UNISTD_H 1
| #define __EXTENSIONS__ 1
| #define _ALL_SOURCE 1
| #define _GNU_SOURCE 1
| #define _POSIX_PTHREAD_SEMANTICS 1
| #define _TANDEM_SOURCE 1
| /* end confdefs.h.  */
| #include <sys/types.h>
|  /* Check that off_t can represent 2**63 - 1 correctly.
|     We can't simply define LARGE_OFF_T to be 9223372036854775807,
|     since some C++ compilers masquerading as C compilers
|     incorrectly reject 9223372036854775807.  */
| #define LARGE_OFF_T (((off_t) 1 << 62) - 1 + ((off_t) 1 << 62))
|   int off_t_is_large[(LARGE_OFF_T % 2147483629 == 721
| 		       && LARGE_OFF_T % 2147483647 == 1)
| 		      ? 1 : -1];
| int
| main ()
| {
| 
|   ;
|   return 0;
| }
configure:4923: gcc -c -g -O2  conftest.c >&5
configure:4923: $? = 0
configure:4931: result: 64
configure:5015: checking for library containing pow
configure:5046: gcc -o conftest -g -O2   conftest.c  >&5
conftest.c:35:6: warning: conflicting types for built-in function 'pow' [enabled by default]
/tmp/ccEi3OOq.o: In function `main':
/usr/src/openvswitch-1.4.0/conftest.c:39: undefined reference to `pow'
collect2: ld returned 1 exit status
configure:5046: $? = 1
configure: failed program was:
| /* confdefs.h */
| #define PACKAGE_NAME "openvswitch"
| #define PACKAGE_TARNAME "openvswitch"
| #define PACKAGE_VERSION "1.4.0"
| #define PACKAGE_STRING "openvswitch 1.4.0"
| #define PACKAGE_BUGREPORT "ovs-bugs@openvswitch.org"
| #define PACKAGE_URL ""
| #define BUILDNR ""
| #define PACKAGE "openvswitch"
| #define VERSION "1.4.0"
| #define STDC_HEADERS 1
| #define HAVE_SYS_TYPES_H 1
| #define HAVE_SYS_STAT_H 1
| #define HAVE_STDLIB_H 1
| #define HAVE_STRING_H 1
| #define HAVE_MEMORY_H 1
| #define HAVE_STRINGS_H 1
| #define HAVE_INTTYPES_H 1
| #define HAVE_STDINT_H 1
| #define HAVE_UNISTD_H 1
| #define __EXTENSIONS__ 1
| #define _ALL_SOURCE 1
| #define _GNU_SOURCE 1
| #define _POSIX_PTHREAD_SEMANTICS 1
| #define _TANDEM_SOURCE 1
| #define _FILE_OFFSET_BITS 64
| /* end confdefs.h.  */
| 
| /* Override any GCC internal prototype to avoid an error.
|    Use char because int might match the return type of a GCC
|    builtin and then its argument prototype would still apply.  */
| #ifdef __cplusplus
| extern "C"
| #endif
| char pow ();
| int
| main ()
| {
| return pow ();
|   ;
|   return 0;
| }
configure:5046: gcc -o conftest -g -O2   conftest.c -lm   >&5
conftest.c:35:6: warning: conflicting types for built-in function 'pow' [enabled by default]
configure:5046: $? = 0
configure:5063: result: -lm
configure:5071: checking for library containing clock_gettime
configure:5102: gcc -o conftest -g -O2   conftest.c -lm  >&5
/tmp/ccR3FMcv.o: In function `main':
/usr/src/openvswitch-1.4.0/conftest.c:39: undefined reference to `clock_gettime'
collect2: ld returned 1 exit status
configure:5102: $? = 1
configure: failed program was:
| /* confdefs.h */
| #define PACKAGE_NAME "openvswitch"
| #define PACKAGE_TARNAME "openvswitch"
| #define PACKAGE_VERSION "1.4.0"
| #define PACKAGE_STRING "openvswitch 1.4.0"
| #define PACKAGE_BUGREPORT "ovs-bugs@openvswitch.org"
| #define PACKAGE_URL ""
| #define BUILDNR ""
| #define PACKAGE "openvswitch"
| #define VERSION "1.4.0"
| #define STDC_HEADERS 1
| #define HAVE_SYS_TYPES_H 1
| #define HAVE_SYS_STAT_H 1
| #define HAVE_STDLIB_H 1
| #define HAVE_STRING_H 1
| #define HAVE_MEMORY_H 1
| #define HAVE_STRINGS_H 1
| #define HAVE_INTTYPES_H 1
| #define HAVE_STDINT_H 1
| #define HAVE_UNISTD_H 1
| #define __EXTENSIONS__ 1
| #define _ALL_SOURCE 1
| #define _GNU_SOURCE 1
| #define _POSIX_PTHREAD_SEMANTICS 1
| #define _TANDEM_SOURCE 1
| #define _FILE_OFFSET_BITS 64
| /* end confdefs.h.  */
| 
| /* Override any GCC internal prototype to avoid an error.
|    Use char because int might match the return type of a GCC
|    builtin and then its argument prototype would still apply.  */
| #ifdef __cplusplus
| extern "C"
| #endif
| char clock_gettime ();
| int
| main ()
| {
| return clock_gettime ();
|   ;
|   return 0;
| }
configure:5102: gcc -o conftest -g -O2   conftest.c -lrt  -lm  >&5
configure:5102: $? = 0
configure:5119: result: -lrt
configure:5127: checking for library containing timer_create
configure:5158: gcc -o conftest -g -O2   conftest.c -lrt -lm  >&5
configure:5158: $? = 0
configure:5175: result: none required
configure:5219: checking for linux/netlink.h
configure:5219: gcc -c -g -O2  conftest.c >&5
configure:5219: $? = 0
configure:5219: result: yes
configure:5297: checking for pkg-config
configure:5315: found /usr/bin/pkg-config
configure:5327: result: /usr/bin/pkg-config
configure:5352: checking pkg-config is at least version 0.9.0
configure:5355: result: yes
configure:5379: checking for SSL
configure:5386: $PKG_CONFIG --exists --print-errors "openssl"
configure:5389: $? = 0
configure:5403: $PKG_CONFIG --exists --print-errors "openssl"
configure:5406: $? = 0
configure:5476: result: yes
configure:5506: checking for Python 2.x for x >= 4
configure:5532: result: /usr/bin/python
configure:5552: checking for pyuic4
configure:5563: result: no
configure:5572: checking for PySide.QtCore Python module
running /usr/bin/python -c 'import PySide.QtCore
import sys
sys.exit(0)'...
Traceback (most recent call last):
  File "<string>", line 1, in <module>
ImportError: No module named PySide.QtCore
configure:5589: result: no
configure:5592: checking for PyQt4.QtCore Python module
running /usr/bin/python -c 'import PyQt4.QtCore
import sys
sys.exit(0)'...
Traceback (most recent call last):
  File "<string>", line 1, in <module>
ImportError: No module named PyQt4.QtCore
configure:5609: result: no
configure:5612: checking for twisted.conch.ssh Python module
running /usr/bin/python -c 'import twisted.conch.ssh
import sys
sys.exit(0)'...
Traceback (most recent call last):
  File "<string>", line 1, in <module>
ImportError: No module named conch.ssh
configure:5629: result: no
configure:5632: checking for twisted.internet Python module
running /usr/bin/python -c 'import twisted.internet
import sys
sys.exit(0)'...
configure:5649: result: yes
configure:5652: checking for twisted.application Python module
running /usr/bin/python -c 'import twisted.application
import sys
sys.exit(0)'...
configure:5669: result: yes
configure:5672: checking for json Python module
running /usr/bin/python -c 'import json
import sys
sys.exit(0)'...
configure:5689: result: yes
configure:5692: checking for zope.interface Python module
running /usr/bin/python -c 'import zope.interface
import sys
sys.exit(0)'...
configure:5709: result: yes
configure:5722: checking whether to build ovsdbmonitor
configure:5724: result: no
configure:5734: checking for dot
configure:5745: result: no
configure:5755: checking net/if_packet.h usability
configure:5755: gcc -c -g -O2  conftest.c >&5
configure:5755: $? = 0
configure:5755: result: yes
configure:5755: checking net/if_packet.h presence
configure:5755: gcc -E  conftest.c
configure:5755: $? = 0
configure:5755: result: yes
configure:5755: checking for net/if_packet.h
configure:5755: result: yes
configure:5776: checking whether strtok_r macro segfaults on some inputs
configure:5805: gcc -o conftest -g -O2   conftest.c -lrt -lm  >&5
conftest.c: In function 'main':
conftest.c:42:36: warning: ignoring return value of 'freopen', declared with attribute warn_unused_result [-Wunused-result]
configure:5805: $? = 0
configure:5805: ./conftest
configure:5805: $? = 0
configure:5815: result: no
configure:5823: checking for struct stat.st_mtim.tv_nsec
configure:5823: gcc -c -g -O2  conftest.c >&5
configure:5823: $? = 0
configure:5823: result: yes
configure:5833: checking for struct stat.st_mtimensec
configure:5833: gcc -c -g -O2  conftest.c >&5
conftest.c: In function 'main':
conftest.c:38:12: error: 'struct stat' has no member named 'st_mtimensec'
configure:5833: $? = 1
configure: failed program was:
| /* confdefs.h */
| #define PACKAGE_NAME "openvswitch"
| #define PACKAGE_TARNAME "openvswitch"
| #define PACKAGE_VERSION "1.4.0"
| #define PACKAGE_STRING "openvswitch 1.4.0"
| #define PACKAGE_BUGREPORT "ovs-bugs@openvswitch.org"
| #define PACKAGE_URL ""
| #define BUILDNR ""
| #define PACKAGE "openvswitch"
| #define VERSION "1.4.0"
| #define STDC_HEADERS 1
| #define HAVE_SYS_TYPES_H 1
| #define HAVE_SYS_STAT_H 1
| #define HAVE_STDLIB_H 1
| #define HAVE_STRING_H 1
| #define HAVE_MEMORY_H 1
| #define HAVE_STRINGS_H 1
| #define HAVE_INTTYPES_H 1
| #define HAVE_STDINT_H 1
| #define HAVE_UNISTD_H 1
| #define __EXTENSIONS__ 1
| #define _ALL_SOURCE 1
| #define _GNU_SOURCE 1
| #define _POSIX_PTHREAD_SEMANTICS 1
| #define _TANDEM_SOURCE 1
| #define _FILE_OFFSET_BITS 64
| #define HAVE_NETLINK 1
| #define HAVE_OPENSSL 1
| #define HAVE_IF_PACKET 1
| #define HAVE_STRUCT_STAT_ST_MTIM_TV_NSEC 1
| /* end confdefs.h.  */
| #include <sys/stat.h>
| 
| int
| main ()
| {
| static struct stat ac_aggr;
| if (ac_aggr.st_mtimensec)
| return 0;
|   ;
|   return 0;
| }
configure:5833: gcc -c -g -O2  conftest.c >&5
conftest.c: In function 'main':
conftest.c:38:19: error: 'struct stat' has no member named 'st_mtimensec'
configure:5833: $? = 1
configure: failed program was:
| /* confdefs.h */
| #define PACKAGE_NAME "openvswitch"
| #define PACKAGE_TARNAME "openvswitch"
| #define PACKAGE_VERSION "1.4.0"
| #define PACKAGE_STRING "openvswitch 1.4.0"
| #define PACKAGE_BUGREPORT "ovs-bugs@openvswitch.org"
| #define PACKAGE_URL ""
| #define BUILDNR ""
| #define PACKAGE "openvswitch"
| #define VERSION "1.4.0"
| #define STDC_HEADERS 1
| #define HAVE_SYS_TYPES_H 1
| #define HAVE_SYS_STAT_H 1
| #define HAVE_STDLIB_H 1
| #define HAVE_STRING_H 1
| #define HAVE_MEMORY_H 1
| #define HAVE_STRINGS_H 1
| #define HAVE_INTTYPES_H 1
| #define HAVE_STDINT_H 1
| #define HAVE_UNISTD_H 1
| #define __EXTENSIONS__ 1
| #define _ALL_SOURCE 1
| #define _GNU_SOURCE 1
| #define _POSIX_PTHREAD_SEMANTICS 1
| #define _TANDEM_SOURCE 1
| #define _FILE_OFFSET_BITS 64
| #define HAVE_NETLINK 1
| #define HAVE_OPENSSL 1
| #define HAVE_IF_PACKET 1
| #define HAVE_STRUCT_STAT_ST_MTIM_TV_NSEC 1
| /* end confdefs.h.  */
| #include <sys/stat.h>
| 
| int
| main ()
| {
| static struct stat ac_aggr;
| if (sizeof ac_aggr.st_mtimensec)
| return 0;
|   ;
|   return 0;
| }
configure:5833: result: no
configure:5847: checking for mlockall
configure:5847: gcc -o conftest -g -O2   conftest.c -lrt -lm  >&5
configure:5847: $? = 0
configure:5847: result: yes
configure:5847: checking for strnlen
configure:5847: gcc -o conftest -g -O2   conftest.c -lrt -lm  >&5
configure:5847: $? = 0
configure:5847: result: yes
configure:5847: checking for strsignal
configure:5847: gcc -o conftest -g -O2   conftest.c -lrt -lm  >&5
configure:5847: $? = 0
configure:5847: result: yes
configure:5847: checking for getloadavg
configure:5847: gcc -o conftest -g -O2   conftest.c -lrt -lm  >&5
configure:5847: $? = 0
configure:5847: result: yes
configure:5847: checking for statvfs
configure:5847: gcc -o conftest -g -O2   conftest.c -lrt -lm  >&5
configure:5847: $? = 0
configure:5847: result: yes
configure:5847: checking for setmntent
configure:5847: gcc -o conftest -g -O2   conftest.c -lrt -lm  >&5
configure:5847: $? = 0
configure:5847: result: yes
configure:5859: checking mntent.h usability
configure:5859: gcc -c -g -O2  conftest.c >&5
configure:5859: $? = 0
configure:5859: result: yes
configure:5859: checking mntent.h presence
configure:5859: gcc -E  conftest.c
configure:5859: $? = 0
configure:5859: result: yes
configure:5859: checking for mntent.h
configure:5859: result: yes
configure:5859: checking sys/statvfs.h usability
configure:5859: gcc -c -g -O2  conftest.c >&5
configure:5859: $? = 0
configure:5859: result: yes
configure:5859: checking sys/statvfs.h presence
configure:5859: gcc -E  conftest.c
configure:5859: $? = 0
configure:5859: result: yes
configure:5859: checking for sys/statvfs.h
configure:5859: result: yes
configure:5859: checking linux/types.h usability
configure:5859: gcc -c -g -O2  conftest.c >&5
configure:5859: $? = 0
configure:5859: result: yes
configure:5859: checking linux/types.h presence
configure:5859: gcc -E  conftest.c
configure:5859: $? = 0
configure:5859: result: yes
configure:5859: checking for linux/types.h
configure:5859: result: yes
configure:5888: checking execinfo.h usability
configure:5888: gcc -c -g -O2  conftest.c >&5
configure:5888: $? = 0
configure:5888: result: yes
configure:5888: checking execinfo.h presence
configure:5888: gcc -E  conftest.c
configure:5888: $? = 0
configure:5888: result: yes
configure:5888: checking for execinfo.h
configure:5888: result: yes
configure:5892: checking for backtrace
configure:5892: gcc -o conftest -g -O2   conftest.c -lrt -lm  >&5
configure:5892: $? = 0
configure:5892: result: yes
configure:5904: checking whether libc supports hooks for malloc and related functions
configure:5923: gcc -c -g -O2  conftest.c >&5
conftest.c: In function 'main':
conftest.c:47:1: warning: '__malloc_hook' is deprecated (declared at /usr/include/malloc.h:176) [-Wdeprecated-declarations]
conftest.c:48:11: warning: '__realloc_hook' is deprecated (declared at /usr/include/malloc.h:179) [-Wdeprecated-declarations]
conftest.c:49:11: warning: '__free_hook' is deprecated (declared at /usr/include/malloc.h:173) [-Wdeprecated-declarations]
configure:5923: $? = 0
configure:5930: result: yes
configure:5939: checking valgrind/valgrind.h usability
configure:5939: gcc -c -g -O2  conftest.c >&5
conftest.c:76:31: fatal error: valgrind/valgrind.h: No such file or directory
compilation terminated.
configure:5939: $? = 1
configure: failed program was:
| /* confdefs.h */
| #define PACKAGE_NAME "openvswitch"
| #define PACKAGE_TARNAME "openvswitch"
| #define PACKAGE_VERSION "1.4.0"
| #define PACKAGE_STRING "openvswitch 1.4.0"
| #define PACKAGE_BUGREPORT "ovs-bugs@openvswitch.org"
| #define PACKAGE_URL ""
| #define BUILDNR ""
| #define PACKAGE "openvswitch"
| #define VERSION "1.4.0"
| #define STDC_HEADERS 1
| #define HAVE_SYS_TYPES_H 1
| #define HAVE_SYS_STAT_H 1
| #define HAVE_STDLIB_H 1
| #define HAVE_STRING_H 1
| #define HAVE_MEMORY_H 1
| #define HAVE_STRINGS_H 1
| #define HAVE_INTTYPES_H 1
| #define HAVE_STDINT_H 1
| #define HAVE_UNISTD_H 1
| #define __EXTENSIONS__ 1
| #define _ALL_SOURCE 1
| #define _GNU_SOURCE 1
| #define _POSIX_PTHREAD_SEMANTICS 1
| #define _TANDEM_SOURCE 1
| #define _FILE_OFFSET_BITS 64
| #define HAVE_NETLINK 1
| #define HAVE_OPENSSL 1
| #define HAVE_IF_PACKET 1
| #define HAVE_STRUCT_STAT_ST_MTIM_TV_NSEC 1
| #define HAVE_MLOCKALL 1
| #define HAVE_STRNLEN 1
| #define HAVE_STRSIGNAL 1
| #define HAVE_GETLOADAVG 1
| #define HAVE_STATVFS 1
| #define HAVE_SETMNTENT 1
| #define HAVE_MNTENT_H 1
| #define HAVE_SYS_STATVFS_H 1
| #define HAVE_LINUX_TYPES_H 1
| #define HAVE_BACKTRACE 1
| #define HAVE_MALLOC_HOOKS 1
| /* end confdefs.h.  */
| #include <stdio.h>
| #ifdef HAVE_SYS_TYPES_H
| # include <sys/types.h>
| #endif
| #ifdef HAVE_SYS_STAT_H
| # include <sys/stat.h>
| #endif
| #ifdef STDC_HEADERS
| # include <stdlib.h>
| # include <stddef.h>
| #else
| # ifdef HAVE_STDLIB_H
| #  include <stdlib.h>
| # endif
| #endif
| #ifdef HAVE_STRING_H
| # if !defined STDC_HEADERS && defined HAVE_MEMORY_H
| #  include <memory.h>
| # endif
| # include <string.h>
| #endif
| #ifdef HAVE_STRINGS_H
| # include <strings.h>
| #endif
| #ifdef HAVE_INTTYPES_H
| # include <inttypes.h>
| #endif
| #ifdef HAVE_STDINT_H
| # include <stdint.h>
| #endif
| #ifdef HAVE_UNISTD_H
| # include <unistd.h>
| #endif
| #include <valgrind/valgrind.h>
configure:5939: result: no
configure:5939: checking valgrind/valgrind.h presence
configure:5939: gcc -E  conftest.c
conftest.c:43:31: fatal error: valgrind/valgrind.h: No such file or directory
compilation terminated.
configure:5939: $? = 1
configure: failed program was:
| /* confdefs.h */
| #define PACKAGE_NAME "openvswitch"
| #define PACKAGE_TARNAME "openvswitch"
| #define PACKAGE_VERSION "1.4.0"
| #define PACKAGE_STRING "openvswitch 1.4.0"
| #define PACKAGE_BUGREPORT "ovs-bugs@openvswitch.org"
| #define PACKAGE_URL ""
| #define BUILDNR ""
| #define PACKAGE "openvswitch"
| #define VERSION "1.4.0"
| #define STDC_HEADERS 1
| #define HAVE_SYS_TYPES_H 1
| #define HAVE_SYS_STAT_H 1
| #define HAVE_STDLIB_H 1
| #define HAVE_STRING_H 1
| #define HAVE_MEMORY_H 1
| #define HAVE_STRINGS_H 1
| #define HAVE_INTTYPES_H 1
| #define HAVE_STDINT_H 1
| #define HAVE_UNISTD_H 1
| #define __EXTENSIONS__ 1
| #define _ALL_SOURCE 1
| #define _GNU_SOURCE 1
| #define _POSIX_PTHREAD_SEMANTICS 1
| #define _TANDEM_SOURCE 1
| #define _FILE_OFFSET_BITS 64
| #define HAVE_NETLINK 1
| #define HAVE_OPENSSL 1
| #define HAVE_IF_PACKET 1
| #define HAVE_STRUCT_STAT_ST_MTIM_TV_NSEC 1
| #define HAVE_MLOCKALL 1
| #define HAVE_STRNLEN 1
| #define HAVE_STRSIGNAL 1
| #define HAVE_GETLOADAVG 1
| #define HAVE_STATVFS 1
| #define HAVE_SETMNTENT 1
| #define HAVE_MNTENT_H 1
| #define HAVE_SYS_STATVFS_H 1
| #define HAVE_LINUX_TYPES_H 1
| #define HAVE_BACKTRACE 1
| #define HAVE_MALLOC_HOOKS 1
| /* end confdefs.h.  */
| #include <valgrind/valgrind.h>
configure:5939: result: no
configure:5939: checking for valgrind/valgrind.h
configure:5939: result: no
configure:5949: checking for connect in -lsocket
configure:5974: gcc -o conftest -g -O2   conftest.c -lsocket  -lrt -lm  >&5
/usr/bin/ld: cannot find -lsocket
collect2: ld returned 1 exit status
configure:5974: $? = 1
configure: failed program was:
| /* confdefs.h */
| #define PACKAGE_NAME "openvswitch"
| #define PACKAGE_TARNAME "openvswitch"
| #define PACKAGE_VERSION "1.4.0"
| #define PACKAGE_STRING "openvswitch 1.4.0"
| #define PACKAGE_BUGREPORT "ovs-bugs@openvswitch.org"
| #define PACKAGE_URL ""
| #define BUILDNR ""
| #define PACKAGE "openvswitch"
| #define VERSION "1.4.0"
| #define STDC_HEADERS 1
| #define HAVE_SYS_TYPES_H 1
| #define HAVE_SYS_STAT_H 1
| #define HAVE_STDLIB_H 1
| #define HAVE_STRING_H 1
| #define HAVE_MEMORY_H 1
| #define HAVE_STRINGS_H 1
| #define HAVE_INTTYPES_H 1
| #define HAVE_STDINT_H 1
| #define HAVE_UNISTD_H 1
| #define __EXTENSIONS__ 1
| #define _ALL_SOURCE 1
| #define _GNU_SOURCE 1
| #define _POSIX_PTHREAD_SEMANTICS 1
| #define _TANDEM_SOURCE 1
| #define _FILE_OFFSET_BITS 64
| #define HAVE_NETLINK 1
| #define HAVE_OPENSSL 1
| #define HAVE_IF_PACKET 1
| #define HAVE_STRUCT_STAT_ST_MTIM_TV_NSEC 1
| #define HAVE_MLOCKALL 1
| #define HAVE_STRNLEN 1
| #define HAVE_STRSIGNAL 1
| #define HAVE_GETLOADAVG 1
| #define HAVE_STATVFS 1
| #define HAVE_SETMNTENT 1
| #define HAVE_MNTENT_H 1
| #define HAVE_SYS_STATVFS_H 1
| #define HAVE_LINUX_TYPES_H 1
| #define HAVE_BACKTRACE 1
| #define HAVE_MALLOC_HOOKS 1
| /* end confdefs.h.  */
| 
| /* Override any GCC internal prototype to avoid an error.
|    Use char because int might match the return type of a GCC
|    builtin and then its argument prototype would still apply.  */
| #ifdef __cplusplus
| extern "C"
| #endif
| char connect ();
| int
| main ()
| {
| return connect ();
|   ;
|   return 0;
| }
configure:5983: result: no
configure:5994: checking for library containing gethostbyname
configure:6025: gcc -o conftest -g -O2   conftest.c -lrt -lm  >&5
configure:6025: $? = 0
configure:6042: result: none required
configure:6050: checking for user-defined linker section support
configure:6087: gcc -o conftest -g -O2   conftest1.c conftest2.c -lrt -lm  >&5
configure:6096: $? = 0
configure:6118: result: yes
configure:6133: checking XenServer release
configure:6145: result: none
configure:6157: checking for groff
configure:6168: result: yes
configure:6180: checking whether gcc accepts -Wall
configure:6198: gcc -c -g -O2 -Wall  conftest.c >&5
configure:6198: $? = 0
configure:6206: result: yes
configure:6216: checking whether gcc accepts -Wno-sign-compare
configure:6234: gcc -c -g -O2 -Wno-sign-compare  conftest.c >&5
configure:6234: $? = 0
configure:6242: result: yes
configure:6252: checking whether gcc accepts -Wpointer-arith
configure:6270: gcc -c -g -O2 -Wpointer-arith  conftest.c >&5
configure:6270: $? = 0
configure:6278: result: yes
configure:6288: checking whether gcc accepts -Wdeclaration-after-statement
configure:6306: gcc -c -g -O2 -Wdeclaration-after-statement  conftest.c >&5
configure:6306: $? = 0
configure:6314: result: yes
configure:6324: checking whether gcc accepts -Wformat-security
configure:6342: gcc -c -g -O2 -Wformat-security  conftest.c >&5
configure:6342: $? = 0
configure:6350: result: yes
configure:6360: checking whether gcc accepts -Wswitch-enum
configure:6378: gcc -c -g -O2 -Wswitch-enum  conftest.c >&5
configure:6378: $? = 0
configure:6386: result: yes
configure:6396: checking whether gcc accepts -Wunused-parameter
configure:6414: gcc -c -g -O2 -Wunused-parameter  conftest.c >&5
configure:6414: $? = 0
configure:6422: result: yes
configure:6432: checking whether gcc accepts -Wstrict-aliasing
configure:6450: gcc -c -g -O2 -Wstrict-aliasing  conftest.c >&5
configure:6450: $? = 0
configure:6458: result: yes
configure:6468: checking whether gcc accepts -Wbad-function-cast
configure:6486: gcc -c -g -O2 -Wbad-function-cast  conftest.c >&5
configure:6486: $? = 0
configure:6494: result: yes
configure:6504: checking whether gcc accepts -Wcast-align
configure:6522: gcc -c -g -O2 -Wcast-align  conftest.c >&5
configure:6522: $? = 0
configure:6530: result: yes
configure:6540: checking whether gcc accepts -Wstrict-prototypes
configure:6558: gcc -c -g -O2 -Wstrict-prototypes  conftest.c >&5
conftest.c:46:1: warning: function declaration isn't a prototype [-Wstrict-prototypes]
configure:6558: $? = 0
configure:6566: result: yes
configure:6576: checking whether gcc accepts -Wold-style-definition
configure:6594: gcc -c -g -O2 -Wold-style-definition  conftest.c >&5
conftest.c: In function 'main':
conftest.c:46:1: warning: old-style function definition [-Wold-style-definition]
configure:6594: $? = 0
configure:6602: result: yes
configure:6612: checking whether gcc accepts -Wmissing-prototypes
configure:6630: gcc -c -g -O2 -Wmissing-prototypes  conftest.c >&5
configure:6630: $? = 0
configure:6638: result: yes
configure:6648: checking whether gcc accepts -Wmissing-field-initializers
configure:6666: gcc -c -g -O2 -Wmissing-field-initializers  conftest.c >&5
configure:6666: $? = 0
configure:6674: result: yes
configure:6684: checking whether gcc accepts -Wno-override-init
configure:6702: gcc -c -g -O2 -Wno-override-init  conftest.c >&5
configure:6702: $? = 0
configure:6710: result: yes
configure:6720: checking whether gcc accepts -Wno-unused
configure:6738: gcc -c -g -O2 -Wno-unused  conftest.c >&5
configure:6738: $? = 0
configure:6746: result: yes
configure:6763: checking whether gcc accepts -Wno-unused-parameter
configure:6781: gcc -c -g -O2 -Wno-unused-parameter  conftest.c >&5
configure:6781: $? = 0
configure:6789: result: yes
configure:6813: checking target hint for cgcc
configure:6827: result: x86
configure:6840: checking whether make has GNU make $(if) extension
configure:6851: invoking make -f conftest.mk all:
echo y > conftest.out
configure:6853: conftest.out contains:
y
configure:6863: result: yes
configure:6932: checking for Linux build directory
configure:6935: result: /lib/modules/3.2.0-55-generic-pae/build
configure:6947: checking for Linux source directory
configure:6974: result: /lib/modules/3.2.0-55-generic-pae/build
configure:6977: checking for kernel version
configure:6989: result: 3.2.51
configure:7014: checking whether src_err, matches in /lib/modules/3.2.0-55-generic-pae/build/arch/x86/include/asm/checksum_32.h
configure:7028: result: no
configure:7044: checking whether ERR_CAST matches in /lib/modules/3.2.0-55-generic-pae/build/include/linux/err.h
configure:7051: result: yes
configure:7074: checking whether ipv4_is_multicast matches in /lib/modules/3.2.0-55-generic-pae/build/include/linux/in.h
configure:7081: result: yes
configure:7104: checking whether dev_disable_lro matches in /lib/modules/3.2.0-55-generic-pae/build/include/linux/netdevice.h
configure:7111: result: yes
configure:7133: checking whether dev_get_stats matches in /lib/modules/3.2.0-55-generic-pae/build/include/linux/netdevice.h
configure:7140: result: yes
configure:7162: checking whether dev_get_by_index_rcu matches in /lib/modules/3.2.0-55-generic-pae/build/include/linux/netdevice.h
configure:7169: result: yes
configure:7192: checking whether rcu_read_lock_held matches in /lib/modules/3.2.0-55-generic-pae/build/include/linux/rcupdate.h
configure:7199: result: yes
configure:7283: checking whether [^@]proto_data_valid matches in /lib/modules/3.2.0-55-generic-pae/build/include/linux/skbuff.h
configure:7297: result: no
configure:7312: checking whether raw matches in /lib/modules/3.2.0-55-generic-pae/build/include/linux/skbuff.h
configure:7326: result: no
configure:7341: checking whether skb_dst( matches in /lib/modules/3.2.0-55-generic-pae/build/include/linux/skbuff.h
configure:7348: result: yes
configure:7370: checking whether skb_copy_from_linear_data_offset matches in /lib/modules/3.2.0-55-generic-pae/build/include/linux/skbuff.h
configure:7377: result: yes
configure:7399: checking whether skb_cow_head matches in /lib/modules/3.2.0-55-generic-pae/build/include/linux/skbuff.h
configure:7406: result: yes
configure:7428: checking whether skb_transport_header matches in /lib/modules/3.2.0-55-generic-pae/build/include/linux/skbuff.h
configure:7435: result: yes
configure:7457: checking whether icmp6_hdr matches in /lib/modules/3.2.0-55-generic-pae/build/include/linux/icmpv6.h
configure:7464: result: yes
configure:7486: checking whether skb_warn_if_lro matches in /lib/modules/3.2.0-55-generic-pae/build/include/linux/skbuff.h
configure:7493: result: yes
configure:7515: checking whether consume_skb matches in /lib/modules/3.2.0-55-generic-pae/build/include/linux/skbuff.h
configure:7522: result: yes
configure:7545: checking whether kmemdup matches in /lib/modules/3.2.0-55-generic-pae/build/include/linux/string.h
configure:7552: result: yes
configure:7631: checking whether bool matches in /lib/modules/3.2.0-55-generic-pae/build/include/linux/types.h
configure:7638: result: yes
configure:7660: checking whether __wsum matches in /lib/modules/3.2.0-55-generic-pae/build/include/linux/types.h
configure:7667: result: yes
configure:7690: checking whether csum_replace4 matches in /lib/modules/3.2.0-55-generic-pae/build/include/net/checksum.h
configure:7697: result: yes
configure:7719: checking whether csum_unfold matches in /lib/modules/3.2.0-55-generic-pae/build/include/net/checksum.h
configure:7726: result: yes
configure:7749: checking whether NLA_NUL_STRING matches in /lib/modules/3.2.0-55-generic-pae/build/include/net/netlink.h
configure:7756: result: yes
configure:7778: checking whether nla_get_be16 matches in /lib/modules/3.2.0-55-generic-pae/build/include/net/netlink.h
configure:7785: result: yes
configure:7807: checking whether nla_find_nested matches in /lib/modules/3.2.0-55-generic-pae/build/include/net/netlink.h
configure:7814: result: yes
configure:7837: checking whether ADD_ALL_VLANS_CMD matches in /lib/modules/3.2.0-55-generic-pae/build/include/linux/if_vlan.h
configure:7851: result: no
configure:7867: checking for /lib/modules/3.2.0-55-generic-pae/build/include/linux/log2.h
configure:7870: result: yes
configure:8095: creating ./config.status

## ---------------------- ##
## Running config.status. ##
## ---------------------- ##

This file was extended by openvswitch config.status 1.4.0, which was
generated by GNU Autoconf 2.68.  Invocation command line was

  CONFIG_FILES    = 
  CONFIG_HEADERS  = 
  CONFIG_LINKS    = 
  CONFIG_COMMANDS = 
  $ ./config.status 

on skynet

config.status:940: creating Makefile
config.status:940: creating datapath/Makefile
config.status:940: creating datapath/linux/Kbuild
config.status:940: creating datapath/linux/Makefile
config.status:940: creating datapath/linux/Makefile.main
config.status:940: creating tests/atlocal
config.status:940: creating config.h
config.status:1169: executing tests/atconfig commands
config.status:1169: executing depfiles commands
config.status:1169: executing include/openflow/openflow.h.stamp commands
config.status:1169: executing ovsdb/ovsdbmonitor/dummy commands
config.status:1169: executing utilities/bugtool/dummy commands

## ---------------- ##
## Cache variables. ##
## ---------------- ##

ac_cv_c_bigendian=no
ac_cv_c_compiler_gnu=yes
ac_cv_env_CC_set=
ac_cv_env_CC_value=
ac_cv_env_CFLAGS_set=
ac_cv_env_CFLAGS_value=
ac_cv_env_CPPFLAGS_set=
ac_cv_env_CPPFLAGS_value=
ac_cv_env_CPP_set=
ac_cv_env_CPP_value=
ac_cv_env_KARCH_set=
ac_cv_env_KARCH_value=
ac_cv_env_LDFLAGS_set=
ac_cv_env_LDFLAGS_value=
ac_cv_env_LIBS_set=
ac_cv_env_LIBS_value=
ac_cv_env_PERL_set=
ac_cv_env_PERL_value=
ac_cv_env_PKG_CONFIG_LIBDIR_set=
ac_cv_env_PKG_CONFIG_LIBDIR_value=
ac_cv_env_PKG_CONFIG_PATH_set=
ac_cv_env_PKG_CONFIG_PATH_value=
ac_cv_env_PKG_CONFIG_set=
ac_cv_env_PKG_CONFIG_value=
ac_cv_env_SSL_CFLAGS_set=
ac_cv_env_SSL_CFLAGS_value=
ac_cv_env_SSL_LIBS_set=
ac_cv_env_SSL_LIBS_value=
ac_cv_env_build_alias_set=
ac_cv_env_build_alias_value=
ac_cv_env_host_alias_set=
ac_cv_env_host_alias_value=
ac_cv_env_target_alias_set=
ac_cv_env_target_alias_value=
ac_cv_func_backtrace=yes
ac_cv_func_getloadavg=yes
ac_cv_func_mlockall=yes
ac_cv_func_setmntent=yes
ac_cv_func_statvfs=yes
ac_cv_func_strnlen=yes
ac_cv_func_strsignal=yes
ac_cv_header_execinfo_h=yes
ac_cv_header_inttypes_h=yes
ac_cv_header_linux_netlink_h=yes
ac_cv_header_linux_types_h=yes
ac_cv_header_memory_h=yes
ac_cv_header_minix_config_h=no
ac_cv_header_mntent_h=yes
ac_cv_header_net_if_packet_h=yes
ac_cv_header_stdc=yes
ac_cv_header_stdint_h=yes
ac_cv_header_stdlib_h=yes
ac_cv_header_string_h=yes
ac_cv_header_strings_h=yes
ac_cv_header_sys_stat_h=yes
ac_cv_header_sys_statvfs_h=yes
ac_cv_header_sys_types_h=yes
ac_cv_header_unistd_h=yes
ac_cv_header_valgrind_valgrind_h=no
ac_cv_lib_socket_connect=no
ac_cv_member_struct_stat_st_mtim_tv_nsec=yes
ac_cv_member_struct_stat_st_mtimensec=no
ac_cv_objext=o
ac_cv_path_EGREP='/bin/grep -E'
ac_cv_path_FGREP='/bin/grep -F'
ac_cv_path_GREP=/bin/grep
ac_cv_path_PERL=/usr/bin/perl
ac_cv_path_ac_pt_PKG_CONFIG=/usr/bin/pkg-config
ac_cv_path_install='/usr/bin/install -c'
ac_cv_path_mkdir=/bin/mkdir
ac_cv_prog_AWK=gawk
ac_cv_prog_CPP='gcc -E'
ac_cv_prog_ac_ct_CC=gcc
ac_cv_prog_ac_ct_RANLIB=ranlib
ac_cv_prog_cc_c89=
ac_cv_prog_cc_g=yes
ac_cv_prog_cc_gcc_c_o=yes
ac_cv_prog_make_make_set=yes
ac_cv_safe_to_define___extensions__=yes
ac_cv_search_clock_gettime=-lrt
ac_cv_search_gethostbyname='none required'
ac_cv_search_pow=-lm
ac_cv_search_timer_create='none required'
ac_cv_sparse_target=x86
ac_cv_sys_file_offset_bits=64
ac_cv_sys_largefile_CC=no
am_cv_CC_dependencies_compiler_type=gcc3
ovs_cv__Wall=yes
ovs_cv__Wbad_function_cast=yes
ovs_cv__Wcast_align=yes
ovs_cv__Wdeclaration_after_statement=yes
ovs_cv__Wformat_security=yes
ovs_cv__Wmissing_field_initializers=yes
ovs_cv__Wmissing_prototypes=yes
ovs_cv__Wno_override_init=yes
ovs_cv__Wno_sign_compare=yes
ovs_cv__Wno_unused=yes
ovs_cv__Wno_unused_parameter=yes
ovs_cv__Wold_style_definition=yes
ovs_cv__Wpointer_arith=yes
ovs_cv__Wstrict_aliasing=yes
ovs_cv__Wstrict_prototypes=yes
ovs_cv__Wswitch_enum=yes
ovs_cv__Wunused_parameter=yes
ovs_cv_dot=no
ovs_cv_gnu_make_if=yes
ovs_cv_groff=yes
ovs_cv_malloc_hooks=yes
ovs_cv_py_PyQt4_QtCore=no
ovs_cv_py_PySide_QtCore=no
ovs_cv_py_json=yes
ovs_cv_py_twisted_application=yes
ovs_cv_py_twisted_conch_ssh=no
ovs_cv_py_twisted_internet=yes
ovs_cv_py_zope_interface=yes
ovs_cv_python=/usr/bin/python
ovs_cv_pyuic4=no
ovs_cv_strtok_r_bug=no
ovs_cv_use_linker_sections=yes
ovs_cv_xsversion=none
pkg_cv_SSL_CFLAGS=' '
pkg_cv_SSL_LIBS='-lssl -lcrypto  '

## ----------------- ##
## Output variables. ##
## ----------------- ##

ACLOCAL='${SHELL} /usr/src/openvswitch-1.4.0/build-aux/missing --run aclocal-1.11'
AMDEPBACKSLASH='\'
AMDEP_FALSE='#'
AMDEP_TRUE=''
AMTAR='$${TAR-tar}'
AUTOCONF='${SHELL} /usr/src/openvswitch-1.4.0/build-aux/missing --run autoconf'
AUTOHEADER='${SHELL} /usr/src/openvswitch-1.4.0/build-aux/missing --run autoheader'
AUTOMAKE='${SHELL} /usr/src/openvswitch-1.4.0/build-aux/missing --run automake-1.11'
AWK='gawk'
BUILDNR='0'
BUILD_OVSDBMONITOR_FALSE=''
BUILD_OVSDBMONITOR_TRUE='#'
CC='$(if $(C),REAL_CC="gcc" CHECK="$(SPARSE) -I $(top_srcdir)/include/sparse $(SPARSEFLAGS)" cgcc $(CGCCFLAGS),gcc)'
CCDEPMODE='depmode=gcc3'
CFLAGS='-g -O2'
CGCCFLAGS='-target=i86'
CPP='gcc -E'
CPPFLAGS=''
CYGPATH_W='echo'
DEFS='-DHAVE_CONFIG_H'
DEPDIR='.deps'
ECHO_C=''
ECHO_N='-n'
ECHO_T=''
EGREP='/bin/grep -E'
EXEEXT=''
FGREP='/bin/grep -F'
GREP='/bin/grep'
HAVE_DOT_FALSE=''
HAVE_DOT_TRUE='#'
HAVE_GROFF_FALSE='#'
HAVE_GROFF_TRUE=''
HAVE_IF_PACKET_FALSE='#'
HAVE_IF_PACKET_TRUE=''
HAVE_NETLINK_FALSE='#'
HAVE_NETLINK_TRUE=''
HAVE_OPENSSL='yes'
HAVE_OPENSSL_FALSE='#'
HAVE_OPENSSL_TRUE=''
HAVE_PYTHON='yes'
HAVE_PYTHON_FALSE='#'
HAVE_PYTHON_TRUE=''
HAVE_WNO_UNUSED_FALSE='#'
HAVE_WNO_UNUSED_PARAMETER_FALSE='#'
HAVE_WNO_UNUSED_PARAMETER_TRUE=''
HAVE_WNO_UNUSED_TRUE=''
INSTALL_DATA='${INSTALL} -m 644'
INSTALL_PROGRAM='${INSTALL}'
INSTALL_SCRIPT='${INSTALL}'
INSTALL_STRIP_PROGRAM='$(install_sh) -c -s'
KARCH=''
KBUILD='/lib/modules/3.2.0-55-generic-pae/build'
LDFLAGS=''
LIBOBJS=''
LIBS='-lrt -lm '
LINUX_ENABLED_FALSE='#'
LINUX_ENABLED_TRUE=''
LOGDIR='${localstatedir}/log/${PACKAGE}'
LTLIBOBJS=''
MAKEINFO='${SHELL} /usr/src/openvswitch-1.4.0/build-aux/missing --run makeinfo'
MKDIR_P='/bin/mkdir -p'
NDEBUG_FALSE=''
NDEBUG_TRUE='#'
OBJEXT='o'
PACKAGE='openvswitch'
PACKAGE_BUGREPORT='ovs-bugs@openvswitch.org'
PACKAGE_NAME='openvswitch'
PACKAGE_STRING='openvswitch 1.4.0'
PACKAGE_TARNAME='openvswitch'
PACKAGE_URL=''
PACKAGE_VERSION='1.4.0'
PATH_SEPARATOR=':'
PERL='/usr/bin/perl'
PKG_CONFIG='/usr/bin/pkg-config'
PKG_CONFIG_LIBDIR=''
PKG_CONFIG_PATH=''
PKIDIR='${pkgdatadir}/pki'
PYTHON='/usr/bin/python'
PYUIC4='${SHELL} /usr/src/openvswitch-1.4.0/build-aux/missing --run pyuic4'
RANLIB='ranlib'
RUNDIR='${localstatedir}/run/openvswitch'
SET_MAKE=''
SHELL='/bin/bash'
SPARSE='sparse'
SPARSEFLAGS=''
SSL_CFLAGS=' '
SSL_LIBS='-lssl -lcrypto  '
STRIP=''
USE_LINKER_SECTIONS_FALSE='#'
USE_LINKER_SECTIONS_TRUE=''
VERSION='1.4.0'
WARNING_FLAGS=' -Wall -Wno-sign-compare -Wpointer-arith -Wdeclaration-after-statement -Wformat-security -Wswitch-enum -Wunused-parameter -Wstrict-aliasing -Wbad-function-cast -Wcast-align -Wstrict-prototypes -Wold-style-definition -Wmissing-prototypes -Wmissing-field-initializers -Wno-override-init'
ac_ct_CC='gcc'
am__EXEEXT_FALSE=''
am__EXEEXT_TRUE='#'
am__fastdepCC_FALSE='#'
am__fastdepCC_TRUE=''
am__include='include'
am__isrc=''
am__leading_dot='.'
am__nodep='_no'
am__quote=''
am__tar='$${TAR-tar} chof - "$$tardir"'
am__untar='$${TAR-tar} xf -'
bindir='${exec_prefix}/bin'
build_alias=''
datadir='${datarootdir}'
datarootdir='${prefix}/share'
docdir='${datarootdir}/doc/${PACKAGE_TARNAME}'
dvidir='${docdir}'
exec_prefix='${prefix}'
host_alias=''
htmldir='${docdir}'
includedir='${prefix}/include'
infodir='${datarootdir}/info'
install_sh='${SHELL} /usr/src/openvswitch-1.4.0/build-aux/install-sh'
libdir='${exec_prefix}/lib'
libexecdir='${exec_prefix}/libexec'
localedir='${datarootdir}/locale'
localstatedir='${prefix}/var'
mandir='${datarootdir}/man'
mkdir_p='/bin/mkdir -p'
oldincludedir='/usr/include'
pdfdir='${docdir}'
prefix='/usr/local'
program_transform_name='s,x,x,'
psdir='${docdir}'
sbindir='${exec_prefix}/sbin'
sharedstatedir='${prefix}/com'
sysconfdir='${prefix}/etc'
target_alias=''

## ----------- ##
## confdefs.h. ##
## ----------- ##

/* confdefs.h */
#define PACKAGE_NAME "openvswitch"
#define PACKAGE_TARNAME "openvswitch"
#define PACKAGE_VERSION "1.4.0"
#define PACKAGE_STRING "openvswitch 1.4.0"
#define PACKAGE_BUGREPORT "ovs-bugs@openvswitch.org"
#define PACKAGE_URL ""
#define BUILDNR ""
#define PACKAGE "openvswitch"
#define VERSION "1.4.0"
#define STDC_HEADERS 1
#define HAVE_SYS_TYPES_H 1
#define HAVE_SYS_STAT_H 1
#define HAVE_STDLIB_H 1
#define HAVE_STRING_H 1
#define HAVE_MEMORY_H 1
#define HAVE_STRINGS_H 1
#define HAVE_INTTYPES_H 1
#define HAVE_STDINT_H 1
#define HAVE_UNISTD_H 1
#define __EXTENSIONS__ 1
#define _ALL_SOURCE 1
#define _GNU_SOURCE 1
#define _POSIX_PTHREAD_SEMANTICS 1
#define _TANDEM_SOURCE 1
#define _FILE_OFFSET_BITS 64
#define HAVE_NETLINK 1
#define HAVE_OPENSSL 1
#define HAVE_IF_PACKET 1
#define HAVE_STRUCT_STAT_ST_MTIM_TV_NSEC 1
#define HAVE_MLOCKALL 1
#define HAVE_STRNLEN 1
#define HAVE_STRSIGNAL 1
#define HAVE_GETLOADAVG 1
#define HAVE_STATVFS 1
#define HAVE_SETMNTENT 1
#define HAVE_MNTENT_H 1
#define HAVE_SYS_STATVFS_H 1
#define HAVE_LINUX_TYPES_H 1
#define HAVE_BACKTRACE 1
#define HAVE_MALLOC_HOOKS 1
#define USE_LINKER_SECTIONS 1

configure: exit 0
